<?xml version="1.0" encoding="UTF-8"?>
<!-- Generated by org.testng.reporters.JUnitReportReporter -->
<testsuite hostname="gipl-226" failures="0" tests="3" name="com_Cadou_giftting.Test.TC_Login_001" time="15.503" errors="0" timestamp="2023-05-01T11:52:23 IST" skipped="0">
  <testcase classname="com_Cadou_giftting.Test.TC_Login_001" name="verifyTitle" time="5.767"/>
  <system-out/>
  <testcase classname="com_Cadou_giftting.Test.TC_Login_001" name="verifyLogin" time="0.260"/>
  <system-out/>
  <testcase classname="com_Cadou_giftting.Test.TC_Login_001" name="AssignCaptianShift" time="9.476"/>
  <system-out/>
</testsuite> <!-- com_Cadou_giftting.Test.TC_Login_001 -->
